
> ai-depression-predictor-client@0.1.0 build
> vite build

[36mvite v8.0.8 [32mbuilding client environment for production...[36m[39m
[2K
transforming...Γ£ô 2185 modules transformed.
node.exe : [31mΓ£ù[39m Build failed in 1m 1s
At line:1 char:1
+ & "C:\Program Files\nodejs/node.exe" "C:\Program Files\nodejs/node_mo ...
+ ~~~~~~~~~~~~~~~~~~~~~~~~~~~~~~~~~~~~~~~~~~~~~~~~~~~~~~~~~~~~~~~~~~~~~
    + CategoryInfo          : NotSpecified: ([31mΓ£ù[39m Build failed in 1m 1s:String) [], RemoteException
    + FullyQualifiedErrorId : NativeCommandError
 
[31merror during build:
[31mBuild failed with 2 errors:

[31m[UNLOADABLE_DEPENDENCY] Error:[0m Could not load node_modules/react-dom/cjs/react-dom.production.min.js
    [38;5;246mΓò¡[0m[38;5;246mΓöÇ[0m[38;5;246m[[0m node_modules/react-dom/index.js:35:28 [38;5;246m][0m
    [38;5;246mΓöé[0m
 [38;5;246m35 Γöé[0m [38;5;249m [0m[38;5;249m [0m[38;5;249mm[0m[38;5;249mo[0m[38;5;249md[0m[38;5;249mu[0m
[38;5;249ml[0m[38;5;249me[0m[38;5;249m.[0m[38;5;249me[0m[38;5;249mx[0m[38;5;249mp[0m[38;5;249mo[0m[38;5;
249mr[0m[38;5;249mt[0m[38;5;249ms[0m[38;5;249m [0m[38;5;249m=[0m[38;5;249m [0m[38;5;249mr[0m[38;5;249me[
0m[38;5;249mq[0m[38;5;249mu[0m[38;5;249mi[0m[38;5;249mr[0m[38;5;249me[0m[38;5;249m([0m'./cjs/react-dom.prod
uction.min.js'[38;5;249m)[0m[38;5;249m;[0m
 [38;5;240m   Γöé[0m                            
ΓöÇΓöÇΓöÇΓöÇΓöÇΓöÇΓöÇΓöÇΓöÇΓöÇΓöÇΓöÇΓöÇΓöÇΓöÇΓöÇΓöÇΓö¼ΓöÇΓöÇΓöÇΓöÇΓöÇΓöÇΓöÇΓöÇΓöÇΓöÇΓöÇΓöÇΓöÇΓöÇΓöÇΓöÇΓöÇ  
 [38;5;240m   Γöé[0m                                             
Γò░ΓöÇΓöÇΓöÇΓöÇΓöÇΓöÇΓöÇΓöÇΓöÇΓöÇΓöÇΓöÇΓöÇΓöÇΓöÇΓöÇΓöÇΓöÇΓöÇ The cloud operation was not completed before the time-out 
period expired. (os error 426)
[38;5;246mΓöÇΓöÇΓöÇΓöÇΓò»[0m

[31m[UNLOADABLE_DEPENDENCY] Error:[0m Could not load node_modules/chart.js/dist/chunks/helpers.dataset.js
   [38;5;246mΓò¡[0m[38;5;246mΓöÇ[0m[38;5;246m[[0m node_modules/chart.js/dist/chart.js:7:2126 [38;5;246m][0m
   [38;5;246mΓöé[0m
 [38;5;246m7 Γöé[0m 
[38;5;249mi[0m[38;5;249mm[0m[38;5;249mp[0m[38;5;249mo[0m[38;5;249mr[0m[38;5;249mt[0m[38;5;249m 
[0m[38;5;249m{[0m[38;5;249m [0m[38;5;249mr[0m[38;5;249m [0m[38;5;249ma[0m[38;5;249ms[0m[38;5;249m [0m[3
8;5;249mr[0m[38;5;249me[0m[38;5;249mq[0m[38;5;249mu[0m[38;5;249me[0m[38;5;249ms[0m[38;5;249mt[0m[38;5;249
mA[0m[38;5;249mn[0m[38;5;249mi[0m[38;5;249mm[0m[38;5;249mF[0m[38;5;249mr[0m[38;5;249ma[0m[38;5;249mm[0m
[38;5;249me[0m[38;5;249m,[0m[38;5;249m [0m[38;5;249ma[0m[38;5;249m 
[0m[38;5;249ma[0m[38;5;249ms[0m[38;5;249m [0m[38;5;249mr[0m[38;5;249me[0m[38;5;249ms[0m[38;5;249mo[0m[3
8;5;249ml[0m[38;5;249mv[0m[38;5;249me[0m[38;5;249m,[0m[38;5;249m [0m[38;5;249me[0m[38;5;249m 
[0m[38;5;249ma[0m[38;5;249ms[0m[38;5;249m [0m[38;5;249me[0m[38;5;249mf[0m[38;5;249mf[0m[38;5;249me[0m[3
8;5;249mc[0m[38;5;249mt[0m[38;5;249ms[0m[38;5;249m,[0m[38;5;249m [0m[38;5;249mc[0m[38;5;249m 
[0m[38;5;249ma[0m[38;5;249ms[0m[38;5;249m 
[0m[38;5;249mc[0m[38;5;249mo[0m[38;5;249ml[0m[38;5;249mo[0m[38;5;249mr[0m[38;5;249m,[0m[38;5;249m 
[0m[38;5;249mi[0m[38;5;249m [0m[38;5;249ma[0m[38;5;249ms[0m[38;5;249m [0m[38;5;249mi[0m[38;5;249ms[0m[3
8;5;249mO[0m[38;5;249mb[0m[38;5;249mj[0m[38;5;249me[0m[38;5;249mc[0m[38;5;249mt[0m[38;5;249m,[0m[38;5;249
m [0m[38;5;249md[0m[38;5;249m [0m[38;5;249ma[0m[38;5;249ms[0m[38;5;249m [0m[38;5;249md[0m[38;5;249me[0m
[38;5;249mf[0m[38;5;249ma[0m[38;5;249mu[0m[38;5;249ml[0m[38;5;249mt[0m[38;5;249ms[0m[38;5;249m,[0m[38;5;2
49m [0m[38;5;249mb[0m[38;5;249m [0m[38;5;249ma[0m[38;5;249ms[0m[38;5;249m [0m[38;5;249mi[0m[38;5;249ms[0
m[38;5;249mA[0m[38;5;249mr[0m[38;5;249mr[0m[38;5;249ma[0m[38;5;249my[0m[38;5;249m,[0m[38;5;249m 
[0m[38;5;249mv[0m[38;5;249m [0m[38;5;249ma[0m[38;5;249ms[0m[38;5;249m [0m[38;5;249mv[0m[38;5;249ma[0m[3
8;5;249ml[0m[38;5;249mu[0m[38;5;249me[0m[38;5;249mO[0m[38;5;249mr[0m[38;5;249mD[0m[38;5;249me[0m[38;5;249
mf[0m[38;5;249ma[0m[38;5;249mu[0m[38;5;249ml[0m[38;5;249mt[0m[38;5;249m,[0m[38;5;249m 
[0m[38;5;249mu[0m[38;5;249m [0m[38;5;249ma[0m[38;5;249ms[0m[38;5;249m [0m[38;5;249mu[0m[38;5;249mn[0m[3
8;5;249ml[0m[38;5;249mi[0m[38;5;249ms[0m[38;5;249mt[0m[38;5;249me[0m[38;5;249mn[0m[38;5;249mA[0m[38;5;249
mr[0m[38;5;249mr[0m[38;5;249ma[0m[38;5;249my[0m[38;5;249mE[0m[38;5;249mv[0m[38;5;249me[0m[38;5;249mn[0m
[38;5;249mt[0m[38;5;249ms[0m[38;5;249m,[0m[38;5;249m [0m[38;5;249ml[0m[38;5;249m 
[0m[38;5;249ma[0m[38;5;249ms[0m[38;5;249m [0m[38;5;249ml[0m[38;5;249mi[0m[38;5;249ms[0m[38;5;249mt[0m[3
8;5;249me[0m[38;5;249mn[0m[38;5;249mA[0m[38;5;249mr[0m[38;5;249mr[0m[38;5;249ma[0m[38;5;249my[0m[38;5;249
mE[0m[38;5;249mv[0m[38;5;249me[0m[38;5;249mn[0m[38;5;249mt[0m[38;5;249ms[0m[38;5;249m,[0m[38;5;249m 
[0m[38;5;249mf[0m[38;5;249m [0m[38;5;249ma[0m[38;5;249ms[0m[38;5;249m [0m[38;5;249mr[0m[38;5;249me[0m[3
8;5;249ms[0m[38;5;249mo[0m[38;5;249ml[0m[38;5;249mv[0m[38;5;249me[0m[38;5;249mO[0m[38;5;249mb[0m[38;5;249
mj[0m[38;5;249me[0m[38;5;249mc[0m[38;5;249mt[0m[38;5;249mK[0m[38;5;249me[0m[38;5;249my[0m[38;5;249m,[0m
[38;5;249m [0m[38;5;249mg[0m[38;5;249m [0m[38;5;249ma[0m[38;5;249ms[0m[38;5;249m [0m[38;5;249mi[0m[38;5;2
49ms[0m[38;5;249mN[0m[38;5;249mu[0m[38;5;249mm[0m[38;5;249mb[0m[38;5;249me[0m[38;5;249mr[0m[38;5;249mF[0
m[38;5;249mi[0m[38;5;249mn[0m[38;5;249mi[0m[38;5;249mt[0m[38;5;249me[0m[38;5;249m,[0m[38;5;249m 
[0m[38;5;249mh[0m[38;5;249m [0m[38;5;249ma[0m[38;5;249ms[0m[38;5;249m [0m[38;5;249md[0m[38;5;249me[0m[3
8;5;249mf[0m[38;5;249mi[0m[38;5;249mn[0m[38;5;249me[0m[38;5;249md[0m[38;5;249m,[0m[38;5;249m 
[0m[38;5;249ms[0m[38;5;249m [0m[38;5;249ma[0m[38;5;249ms[0m[38;5;249m 
[0m[38;5;249ms[0m[38;5;249mi[0m[38;5;249mg[0m[38;5;249mn[0m[38;5;249m,[0m[38;5;249m 
[0m[38;5;249mj[0m[38;5;249m [0m[38;5;249ma[0m[38;5;249ms[0m[38;5;249m [0m[38;5;249mc[0m[38;5;249mr[0m[3
8;5;249me[0m[38;5;249ma[0m[38;5;249mt[0m[38;5;249me[0m[38;5;249mC[0m[38;5;249mo[0m[38;5;249mn[0m[38;5;249
mt[0m[38;5;249me[0m[38;5;249mx[0m[38;5;249mt[0m[38;5;249m,[0m[38;5;249m [0m[38;5;249mk[0m[38;5;249m 
[0m[38;5;249ma[0m[38;5;249ms[0m[38;5;249m [0m[38;5;249mi[0m[38;5;249ms[0m[38;5;249mN[0m[38;5;249mu[0m[3
8;5;249ml[0m[38;5;249ml[0m[38;5;249mO[0m[38;5;249mr[0m[38;5;249mU[0m[38;5;249mn[0m[38;5;249md[0m[38;5;249
me[0m[38;5;249mf[0m[38;5;249m,[0m[38;5;249m [0m[38;5;249m_[0m[38;5;249m 
[0m[38;5;249ma[0m[38;5;249ms[0m[38;5;249m [0m[38;5;249m_[0m[38;5;249ma[0m[38;5;249mr[0m[38;5;249mr[0m[3
8;5;249ma[0m[38;5;249my[0m[38;5;249mU[0m[38;5;249mn[0m[38;5;249mi[0m[38;5;249mq[0m[38;5;249mu[0m[38;5;249
me[0m[38;5;249m,[0m[38;5;249m [0m[38;5;249mt[0m[38;5;249m [0m[38;5;249ma[0m[38;5;249ms[0m[38;5;249m [0m
[38;5;249mt[0m[38;5;249mo[0m[38;5;249mR[0m[38;5;249ma[0m[38;5;249md[0m[38;5;249mi[0m[38;5;249ma[0m[38;5;2
49mn[0m[38;5;249ms[0m[38;5;249m,[0m[38;5;249m [0m[38;5;249mm[0m[38;5;249m 
[0m[38;5;249ma[0m[38;5;249ms[0m[38;5;249m [0m[38;5;249mt[0m[38;5;249mo[0m[38;5;249mP[0m[38;5;249me[0m[3
8;5;249mr[0m[38;5;249mc[0m[38;5;249me[0m[38;5;249mn[0m[38;5;249mt[0m[38;5;249ma[0m[38;5;249mg[0m[38;5;249
me[0m[38;5;249m,[0m[38;5;249m [0m[38;5;249mn[0m[38;5;249m [0m[38;5;249ma[0m[38;5;249ms[0m[38;5;249m [0m
[38;5;249mt[0m[38;5;249mo[0m[38;5;249mD[0m[38;5;249mi[0m[38;5;249mm[0m[38;5;249me[0m[38;5;249mn[0m[38;5;2
49ms[0m[38;5;249mi[0m[38;5;249mo[0m[38;5;249mn[0m[38;5;249m,[0m[38;5;249m [0m[38;5;249mT[0m[38;5;249m 
[0m[38;5;249ma[0m[38;5;249ms[0m[38;5;249m 
[0m[38;5;249mT[0m[38;5;249mA[0m[38;5;249mU[0m[38;5;249m,[0m[38;5;249m [0m[38;5;249mo[0m[38;5;249m 
[0m[38;5;249ma[0m[38;5;249ms[0m[38;5;249m [0m[38;5;249mf[0m[38;5;249mo[0m[38;5;249mr[0m[38;5;249mm[0m[3
8;5;249ma[0m[38;5;249mt[0m[38;5;249mN[0m[38;5;249mu[0m[38;5;249mm[0m[38;5;249mb[0m[38;5;249me[0m[38;5;249
mr[0m[38;5;249m,[0m[38;5;249m [0m[38;5;249mp[0m[38;5;249m [0m[38;5;249ma[0m[38;5;249ms[0m[38;5;249m [0m
[38;5;249m_[0m[38;5;249ma[0m[38;5;249mn[0m[38;5;249mg[0m[38;5;249ml[0m[38;5;249me[0m[38;5;249mB[0m[38;5;2
49me[0m[38;5;249mt[0m[38;5;249mw[0m[38;5;249me[0m[38;5;249me[0m[38;5;249mn[0m[38;5;249m,[0m[38;5;249m 
[0m[38;5;249mH[0m[38;5;249m [0m[38;5;249ma[0m[38;5;249ms[0m[38;5;249m [0m[38;5;249mH[0m[38;5;249mA[0m[3
8;5;249mL[0m[38;5;249mF[0m[38;5;249m_[0m[38;5;249mP[0m[38;5;249mI[0m[38;5;249m,[0m[38;5;249m 
[0m[38;5;249mP[0m[38;5;249m [0m[38;5;249ma[0m[38;5;249ms[0m[38;5;249m 
[0m[38;5;249mP[0m[38;5;249mI[0m[38;5;249m,[0m[38;5;249m [0m[38;5;249mq[0m[38;5;249m 
[0m[38;5;249ma[0m[38;5;249ms[0m[38;5;249m [0m[38;5;249m_[0m[38;5;249mg[0m[38;5;249me[0m[38;5;249mt[0m[3
8;5;249mS[0m[38;5;249mt[0m[38;5;249ma[0m[38;5;249mr[0m[38;5;249mt[0m[38;5;249mA[0m[38;5;249mn[0m[38;5;249
md[0m[38;5;249mC[0m[38;5;249mo[0m[38;5;249mu[0m[38;5;249mn[0m[38;5;249mt[0m[38;5;249mO[0m[38;5;249mf[0m
[38;5;249mV[0m[38;5;249mi[0m[38;5;249ms[0m[38;5;249mi[0m[38;5;249mb[0m[38;5;249ml[0m[38;5;249me[0m[38;5;2
49mP[0m[38;5;249mo[0m[38;5;249mi[0m[38;5;249mn[0m[38;5;249mt[0m[38;5;249ms[0m[38;5;249m,[0m[38;5;249m 
[0m[38;5;249mw[0m[38;5;249m [0m[38;5;249ma[0m[38;5;249ms[0m[38;5;249m [0m[38;5;249m_[0m[38;5;249ms[0m[3
8;5;249mc[0m[38;5;249ma[0m[38;5;249ml[0m[38;5;249me[0m[38;5;249mR[0m[38;5;249ma[0m[38;5;249mn[0m[38;5;249
mg[0m[38;5;249me[0m[38;5;249ms[0m[38;5;249mC[0m[38;5;249mh[0m[38;5;249ma[0m[38;5;249mn[0m[38;5;249mg[0m
[38;5;249me[0m[38;5;249md[0m[38;5;249m,[0m[38;5;249m [0m[38;5;249mx[0m[38;5;249m 
[0m[38;5;249ma[0m[38;5;249ms[0m[38;5;249m [0m[38;5;249mi[0m[38;5;249ms[0m[38;5;249mN[0m[38;5;249mu[0m[3
8;5;249mm[0m[38;5;249mb[0m[38;5;249me[0m[38;5;249mr[0m[38;5;249m,[0m[38;5;249m 
[0m[38;5;249my[0m[38;5;249m [0m[38;5;249ma[0m[38;5;249ms[0m[38;5;249m [0m[38;5;249m_[0m[38;5;249mp[0m[3
8;5;249ma[0m[38;5;249mr[0m[38;5;249ms[0m[38;5;249me[0m[38;5;249mO[0m[38;5;249mb[0m[38;5;249mj[0m[38;5;249
me[0m[38;5;249mc[0m[38;5;249mt[0m[38;5;249mD[0m[38;5;249ma[0m[38;5;249mt[0m[38;5;249ma[0m[38;5;249mR[0m
[38;5;249ma[0m[38;5;249md[0m[38;5;249mi[0m[38;5;249ma[0m[38;5;249ml[0m[38;5;249mS[0m[38;5;249mc[0m[38;5;2
49ma[0m[38;5;249ml[0m[38;5;249me[0m[38;5;249m,[0m[38;5;249m [0m[38;5;249mz[0m[38;5;249m 
[0m[38;5;249ma[0m[38;5;249ms[0m[38;5;249m [0m[38;5;249mg[0m[38;5;249me[0m[38;5;249mt[0m[38;5;249mR[0m[3
8;5;249me[0m[38;5;249ml[0m[38;5;249ma[0m[38;5;249mt[0m[38;5;249mi[0m[38;5;249mv[0m[38;5;249me[0m[38;5;249
mP[0m[38;5;249mo[0m[38;5;249ms[0m[38;5;249mi[0m[38;5;249mt[0m[38;5;249mi[0m[38;5;249mo[0m[38;5;249mn[0m
[38;5;249m,[0m[38;5;249m [0m[38;5;249mA[0m[38;5;249m [0m[38;5;249ma[0m[38;5;249ms[0m[38;5;249m [0m[38;5;2
49m_[0m[38;5;249mr[0m[38;5;249ml[0m[38;5;249mo[0m[38;5;249mo[0m[38;5;249mk[0m[38;5;249mu[0m[38;5;249mp[0
m[38;5;249mB[0m[38;5;249my[0m[38;5;249mK[0m[38;5;249me[0m[38;5;249my[0m[38;5;249m,[0m[38;5;249m 
[0m[38;5;249mB[0m[38;5;249m [0m[38;5;249ma[0m[38;5;249ms[0m[38;5;249m [0m[38;5;249m_[0m[38;5;249ml[0m[3
8;5;249mo[0m[38;5;249mo[0m[38;5;249mk[0m[38;5;249mu[0m[38;5;249mp[0m[38;5;249mB[0m[38;5;249my[0m[38;5;249
mK[0m[38;5;249me[0m[38;5;249my[0m[38;5;249m,[0m[38;5;249m [0m[38;5;249mC[0m[38;5;249m 
[0m[38;5;249ma[0m[38;5;249ms[0m[38;5;249m [0m[38;5;249m_[0m[38;5;249mi[0m[38;5;249ms[0m[38;5;249mP[0m[3
8;5;249mo[0m[38;5;249mi[0m[38;5;249mn[0m[38;5;249mt[0m[38;5;249mI[0m[38;5;249mn[0m[38;5;249mA[0m[38;5;249
mr[0m[38;5;249me[0m[38;5;249ma[0m[38;5;249m,[0m[38;5;249m [0m[38;5;249mD[0m[38;5;249m 
[0m[38;5;249ma[0m[38;5;249ms[0m[38;5;249m [0m[38;5;249mg[0m[38;5;249me[0m[38;5;249mt[0m[38;5;249mA[0m[3
8;5;249mn[0m[38;5;249mg[0m[38;5;249ml[0m[38;5;249me[0m[38;5;249mF[0m[38;5;249mr[0m[38;5;249mo[0m[38;5;249
mm[0m[38;5;249mP[0m[38;5;249mo[0m[38;5;249mi[0m[38;5;249mn[0m[38;5;249mt[0m[38;5;249m,[0m[38;5;249m 
[0m[38;5;249mE[0m[38;5;249m [0m[38;5;249ma[0m[38;5;249ms[0m[38;5;249m [0m[38;5;249mt[0m[38;5;249mo[0m[3
8;5;249mP[0m[38;5;249ma[0m[38;5;249md[0m[38;5;249md[0m[38;5;249mi[0m[38;5;249mn[0m[38;5;249mg[0m[38;5;249
m,[0m[38;5;249m [0m[38;5;249mF[0m[38;5;249m [0m[38;5;249ma[0m[38;5;249ms[0m[38;5;249m 
[0m[38;5;249me[0m[38;5;249ma[0m[38;5;249mc[0m[38;5;249mh[0m[38;5;249m,[0m[38;5;249m 
[0m[38;5;249mG[0m[38;5;249m [0m[38;5;249ma[0m[38;5;249ms[0m[38;5;249m [0m[38;5;249mg[0m[38;5;249me[0m[3
8;5;249mt[0m[38;5;249mM[0m[38;5;249ma[0m[38;5;249mx[0m[38;5;249mi[0m[38;5;249mm[0m[38;5;249mu[0m[38;5;249
mm[0m[38;5;249mS[0m[38;5;249mi[0m[38;5;249mz[0m[38;5;249me[0m[38;5;249m,[0m[38;5;249m 
[0m[38;5;249mI[0m[38;5;249m [0m[38;5;249ma[0m[38;5;249ms[0m[38;5;249m [0m[38;5;249m_[0m[38;5;249mg[0m[3
8;5;249me[0m[38;5;249mt[0m[38;5;249mP[0m[38;5;249ma[0m[38;5;249mr[0m[38;5;249me[0m[38;5;249mn[0m[38;5;249
mt[0m[38;5;249mN[0m[38;5;249mo[0m[38;5;249md[0m[38;5;249me[0m[38;5;249m,[0m[38;5;249m 
[0m[38;5;249mJ[0m[38;5;249m [0m[38;5;249ma[0m[38;5;249ms[0m[38;5;249m [0m[38;5;249mr[0m[38;5;249me[0m[3
8;5;249ma[0m[38;5;249md[0m[38;5;249mU[0m[38;5;249ms[0m[38;5;249me[0m[38;5;249md[0m[38;5;249mS[0m[38;5;249
mi[0m[38;5;249mz[0m[38;5;249me[0m[38;5;249m,[0m[38;5;249m [0m[38;5;249mK[0m[38;5;249m 
[0m[38;5;249ma[0m[38;5;249ms[0m[38;5;249m [0m[38;5;249ms[0m[38;5;249mu[0m[38;5;249mp[0m[38;5;249mp[0m[3
8;5;249mo[0m[38;5;249mr[0m[38;5;249mt[0m[38;5;249ms[0m[38;5;249mE[0m[38;5;249mv[0m[38;5;249me[0m[38;5;249
mn[0m[38;5;249mt[0m[38;5;249mL[0m[38;5;249mi[0m[38;5;249ms[0m[38;5;249mt[0m[38;5;249me[0m[38;5;249mn[0m
[38;5;249me[0m[38;5;249mr[0m[38;5;249mO[0m[38;5;249mp[0m[38;5;249mt[0m[38;5;249mi[0m[38;5;249mo[0m[38;5;2
49mn[0m[38;5;249ms[0m[38;5;249m,[0m[38;5;249m [0m[38;5;249mL[0m[38;5;249m 
[0m[38;5;249ma[0m[38;5;249ms[0m[38;5;249m [0m[38;5;249mt[0m[38;5;249mh[0m[38;5;249mr[0m[38;5;249mo[0m[3
8;5;249mt[0m[38;5;249mt[0m[38;5;249ml[0m[38;5;249me[0m[38;5;249md[0m[38;5;249m,[0m[38;5;249m 
[0m[38;5;249mM[0m[38;5;249m [0m[38;5;249ma[0m[38;5;249ms[0m[38;5;249m [0m[38;5;249m_[0m[38;5;249mi[0m[3
8;5;249ms[0m[38;5;249mD[0m[38;5;249mo[0m[38;5;249mm[0m[38;5;249mS[0m[38;5;249mu[0m[38;5;249mp[0m[38;5;249
mp[0m[38;5;249mo[0m[38;5;249mr[0m[38;5;249mt[0m[38;5;249me[0m[38;5;249md[0m[38;5;249m,[0m[38;5;249m 
[0m[38;5;249mN[0m[38;5;249m [0m[38;5;249ma[0m[38;5;249ms[0m[38;5;249m [0m[38;5;249m_[0m[38;5;249mf[0m[3
8;5;249ma[0m[38;5;249mc[0m[38;5;249mt[0m[38;5;249mo[0m[38;5;249mr[0m[38;5;249mi[0m[38;5;249mz[0m[38;5;249
me[0m[38;5;249m,[0m[38;5;249m [0m[38;5;249mO[0m[38;5;249m [0m[38;5;249ma[0m[38;5;249ms[0m[38;5;249m [0m
[38;5;249mf[0m[38;5;249mi[0m[38;5;249mn[0m[38;5;249mi[0m[38;5;249mt[0m[38;5;249me[0m[38;5;249mO[0m[38;5;2
49mr[0m[38;5;249mD[0m[38;5;249me[0m[38;5;249mf[0m[38;5;249ma[0m[38;5;249mu[0m[38;5;249ml[0m[38;5;249mt[0
m[38;5;249m,[0m[38;5;249m [0m[38;5;249mQ[0m[38;5;249m [0m[38;5;249ma[0m[38;5;249ms[0m[38;5;249m [0m[38;5
;249mc[0m[38;5;249ma[0m[38;5;249ml[0m[38;5;249ml[0m[38;5;249mb[0m[38;5;249ma[0m[38;5;249mc[0m[38;5;249mk
[0m[38;5;249m,[0m[38;5;249m [0m[38;5;249mR[0m[38;5;249m [0m[38;5;249ma[0m[38;5;249ms[0m[38;5;249m [0m[38
;5;249m_[0m[38;5;249ma[0m[38;5;249md[0m[38;5;249md[0m[38;5;249mG[0m[38;5;249mr[0m[38;5;249ma[0m[38;5;249m
c[0m[38;5;249me[0m[38;5;249m,[0m[38;5;249m [0m[38;5;249mS[0m[38;5;249m 
[0m[38;5;249ma[0m[38;5;249ms[0m[38;5;249m [0m[38;5;249m_[0m[38;5;249ml[0m[38;5;249mi[0m[38;5;249mm[0m[3
8;5;249mi[0m[38;5;249mt[0m[38;5;249mV[0m[38;5;249ma[0m[38;5;249ml[0m[38;5;249mu[0m[38;5;249me[0m[38;5;249
m,[0m[38;5;249m [0m[38;5;249mU[0m[38;5;249m [0m[38;5;249ma[0m[38;5;249ms[0m[38;5;249m [0m[38;5;249mt[0m
[38;5;249mo[0m[38;5;249mD[0m[38;5;249me[0m[38;5;249mg[0m[38;5;249mr[0m[38;5;249me[0m[38;5;249me[0m[38;5;2
49ms[0m[38;5;249m,[0m[38;5;249m [0m[38;5;249mV[0m[38;5;249m [0m[38;5;249ma[0m[38;5;249ms[0m[38;5;249m [0
m[38;5;249m_[0m[38;5;249mm[0m[38;5;249me[0m[38;5;249ma[0m[38;5;249ms[0m[38;5;249mu[0m[38;5;249mr[0m[38;5
;249me[0m[38;5;249mT[0m[38;5;249me[0m[38;5;249mx[0m[38;5;249mt[0m[38;5;249m,[0m[38;5;249m 
[0m[38;5;249mW[0m[38;5;249m [0m[38;5;249ma[0m[38;5;249ms[0m[38;5;249m [0m[38;5;249m_[0m[38;5;249mi[0m[3
8;5;249mn[0m[38;5;249mt[0m[38;5;249m1[0m[38;5;249m6[0m[38;5;249mR[0m[38;5;249ma[0m[38;5;249mn[0m[38;5;249
mg[0m[38;5;249me[0m[38;5;249m,[0m[38;5;249m [0m[38;5;249mX[0m[38;5;249m 
[0m[38;5;249ma[0m[38;5;249ms[0m[38;5;249m [0m[38;5;249m_[0m[38;5;249ma[0m[38;5;249ml[0m[38;5;249mi[0m[3
8;5;249mg[0m[38;5;249mn[0m[38;5;249mP[0m[38;5;249mi[0m[38;5;249mx[0m[38;5;249me[0m[38;5;249ml[0m[38;5;249
m,[0m[38;5;249m [0m[38;5;249mY[0m[38;5;249m [0m[38;5;249ma[0m[38;5;249ms[0m[38;5;249m [0m[38;5;249mc[0m
[38;5;249ml[0m[38;5;249mi[0m[38;5;249mp[0m[38;5;249mA[0m[38;5;249mr[0m[38;5;249me[0m[38;5;249ma[0m[38;5;2
49m,[0m[38;5;249m [0m[38;5;249mZ[0m[38;5;249m [0m[38;5;249ma[0m[38;5;249ms[0m[38;5;249m [0m[38;5;249mr[0
m[38;5;249me[0m[38;5;249mn[0m[38;5;249md[0m[38;5;249me[0m[38;5;249mr[0m[38;5;249mT[0m[38;5;249me[0m[38;5
;249mx[0m[38;5;249mt[0m[38;5;249m,[0m[38;5;249m [0m[38;5;249m$[0m[38;5;249m 
[0m[38;5;249ma[0m[38;5;249ms[0m[38;5;249m [0m[38;5;249mu[0m[38;5;249mn[0m[38;5;249mc[0m[38;5;249ml[0m[3
8;5;249mi[0m[38;5;249mp[0m[38;5;249mA[0m[38;5;249mr[0m[38;5;249me[0m[38;5;249ma[0m[38;5;249m,[0m[38;5;249
m [0m[38;5;249ma[0m[38;5;249m0[0m[38;5;249m [0m[38;5;249ma[0m[38;5;249ms[0m[38;5;249m [0m[38;5;249mt[0m
[38;5;249mo[0m[38;5;249mF[0m[38;5;249mo[0m[38;5;249mn[0m[38;5;249mt[0m[38;5;249m,[0m[38;5;249m 
[0m[38;5;249ma[0m[38;5;249m1[0m[38;5;249m [0m[38;5;249ma[0m[38;5;249ms[0m[38;5;249m [0m[38;5;249m_[0m[3
8;5;249mt[0m[38;5;249mo[0m[38;5;249mL[0m[38;5;249me[0m[38;5;249mf[0m[38;5;249mt[0m[38;5;249mR[0m[38;5;249
mi[0m[38;5;249mg[0m[38;5;249mh[0m[38;5;249mt[0m[38;5;249mC[0m[38;5;249me[0m[38;5;249mn[0m[38;5;249mt[0m
[38;5;249me[0m[38;5;249mr[0m[38;5;249m,[0m[38;5;249m [0m[38;5;249ma[0m[38;5;249m2[0m[38;5;249m 
[0m[38;5;249ma[0m[38;5;249ms[0m[38;5;249m [0m[38;5;249m_[0m[38;5;249ma[0m[38;5;249ml[0m[38;5;249mi[0m[3
8;5;249mg[0m[38;5;249mn[0m[38;5;249mS[0m[38;5;249mt[0m[38;5;249ma[0m[38;5;249mr[0m[38;5;249mt[0m[38;5;249
mE[0m[38;5;249mn[0m[38;5;249md[0m[38;5;249m,[0m[38;5;249m [0m[38;5;249ma[0m[38;5;249m3[0m[38;5;249m 
[0m[38;5;249ma[0m[38;5;249ms[0m[38;5;249m [0m[38;5;249mo[0m[38;5;249mv[0m[38;5;249me[0m[38;5;249mr[0m[3
8;5;249mr[0m[38;5;249mi[0m[38;5;249md[0m[38;5;249me[0m[38;5;249ms[0m[38;5;249m,[0m[38;5;249m 
[0m[38;5;249ma[0m[38;5;249m4[0m[38;5;249m [0m[38;5;249ma[0m[38;5;249ms[0m[38;5;249m 
[0m[38;5;249mm[0m[38;5;249me[0m[38;5;249mr[0m[38;5;249mg[0m[38;5;249me[0m[38;5;249m,[0m[38;5;249m 
[0m[38;5;249ma[0m[38;5;249m5[0m[38;5;249m [0m[38;5;249ma[0m[38;5;249ms[0m[38;5;249m [0m[38;5;249m_[0m[3
8;5;249mc[0m[38;5;249ma[0m[38;5;249mp[0m[38;5;249mi[0m[38;5;249mt[0m[38;5;249ma[0m[38;5;249ml[0m[38;5;249
mi[0m[38;5;249mz[0m[38;5;249me[0m[38;5;249m,[0m[38;5;249m [0m[38;5;249ma[0m[38;5;249m6[0m[38;5;249m 
[0m[38;5;249ma[0m[38;5;249ms[0m[38;5;249m [0m[38;5;249md[0m[38;5;249me[0m[38;5;249ms[0m[38;5;249mc[0m[3
8;5;249mr[0m[38;5;249mi[0m[38;5;249mp[0m[38;5;249mt[0m[38;5;249mo[0m[38;5;249mr[0m[38;5;249ms[0m[38;5;249
m,[0m[38;5;249m [0m[38;5;249ma[0m[38;5;249m7[0m[38;5;249m [0m[38;5;249ma[0m[38;5;249ms[0m[38;5;249m [0m
[38;5;249mi[0m[38;5;249ms[0m[38;5;249mF[0m[38;5;249mu[0m[38;5;249mn[0m[38;5;249mc[0m[38;5;249mt[0m[38;5;2
49mi[0m[38;5;249mo[0m[38;5;249mn[0m[38;5;249m,[0m[38;5;249m [0m[38;5;249ma[0m[38;5;249m8[0m[38;5;249m 
[0m[38;5;249ma[0m[38;5;249ms[0m[38;5;249m [0m[38;5;249m_[0m[38;5;249ma[0m[38;5;249mt[0m[38;5;249mt[0m[3
8;5;249ma[0m[38;5;249mc[0m[38;5;249mh[0m[38;5;249mC[0m[38;5;249mo[0m[38;5;249mn[0m[38;5;249mt[0m[38;5;249
me[0m[38;5;249mx[0m[38;5;249mt[0m[38;5;249m,[0m[38;5;249m [0m[38;5;249ma[0m[38;5;249m9[0m[38;5;249m 
[0m[38;5;249ma[0m[38;5;249ms[0m[38;5;249m [0m[38;5;249m_[0m[38;5;249mc[0m[38;5;249mr[0m[38;5;249me[0m[3
8;5;249ma[0m[38;5;249mt[0m[38;5;249me[0m[38;5;249mR[0m[38;5;249me[0m[38;5;249ms[0m[38;5;249mo[0m[38;5;249
ml[0m[38;5;249mv[0m[38;5;249me[0m[38;5;249mr[0m[38;5;249m,[0m[38;5;249m 
[0m[38;5;249ma[0m[38;5;249ma[0m[38;5;249m [0m[38;5;249ma[0m[38;5;249ms[0m[38;5;249m [0m[38;5;249m_[0m[3
8;5;249md[0m[38;5;249me[0m[38;5;249ms[0m[38;5;249mc[0m[38;5;249mr[0m[38;5;249mi[0m[38;5;249mp[0m[38;5;249
mt[0m[38;5;249mo[0m[38;5;249mr[0m[38;5;249ms[0m[38;5;249m,[0m[38;5;249m 
[0m[38;5;249ma[0m[38;5;249mb[0m[38;5;249m [0m[38;5;249ma[0m[38;5;249ms[0m[38;5;249m [0m[38;5;249mm[0m[3
8;5;249me[0m[38;5;249mr[0m[38;5;249mg[0m[38;5;249me[0m[38;5;249mI[0m[38;5;249mf[0m[38;5;249m,[0m[38;5;249
m [0m[38;5;249ma[0m[38;5;249mc[0m[38;5;249m [0m[38;5;249ma[0m[38;5;249ms[0m[38;5;249m 
[0m[38;5;249mu[0m[38;5;249mi[0m[38;5;249md[0m[38;5;249m,[0m[38;5;249m 
[0m[38;5;249ma[0m[38;5;249md[0m[38;5;249m [0m[38;5;249ma[0m[38;5;249ms[0m[38;5;249m [0m[38;5;249md[0m[3
8;5;249me[0m[38;5;249mb[0m[38;5;249mo[0m[38;5;249mu[0m[38;5;249mn[0m[38;5;249mc[0m[38;5;249me[0m[38;5;249
m,[0m[38;5;249m [0m[38;5;249ma[0m[38;5;249me[0m[38;5;249m [0m[38;5;249ma[0m[38;5;249ms[0m[38;5;249m [0m
[38;5;249mr[0m[38;5;249me[0m[38;5;249mt[0m[38;5;249mi[0m[38;5;249mn[0m[38;5;249ma[0m[38;5;249mS[0m[38;5;2
49mc[0m[38;5;249ma[0m[38;5;249ml[0m[38;5;249me[0m[38;5;249m,[0m[38;5;249m 
[0m[38;5;249ma[0m[38;5;249mf[0m[38;5;249m [0m[38;5;249ma[0m[38;5;249ms[0m[38;5;249m [0m[38;5;249mc[0m[3
8;5;249ml[0m[38;5;249me[0m[38;5;249ma[0m[38;5;249mr[0m[38;5;249mC[0m[38;5;249ma[0m[38;5;249mn[0m[38;5;249
mv[0m[38;5;249ma[0m[38;5;249ms[0m[38;5;249m,[0m[38;5;249m [0m[38;5;249ma[0m[38;5;249mg[0m[38;5;249m 
[0m[38;5;249ma[0m[38;5;249ms[0m[38;5;249m [0m[38;5;249ms[0m[38;5;249me[0m[38;5;249mt[0m[38;5;249ms[0m[3
8;5;249mE[0m[38;5;249mq[0m[38;5;249mu[0m[38;5;249ma[0m[38;5;249ml[0m[38;5;249m,[0m[38;5;249m 
[0m[38;5;249ma[0m[38;5;249mh[0m[38;5;249m [0m[38;5;249ma[0m[38;5;249ms[0m[38;5;249m [0m[38;5;249mg[0m[3
8;5;249me[0m[38;5;249mt[0m[38;5;249mD[0m[38;5;249ma[0m[38;5;249mt[0m[38;5;249ma[0m[38;5;249ms[0m[38;5;249
me[0m[38;5;249mt[0m[38;5;249mC[0m[38;5;249ml[0m[38;5;249mi[0m[38;5;249mp[0m[38;5;249mA[0m[38;5;249mr[0m
[38;5;249me[0m[38;5;249ma[0m[38;5;249m,[0m[38;5;249m [0m[38;5;249ma[0m[38;5;249mi[0m[38;5;249m 
[0m[38;5;249ma[0m[38;5;249ms[0m[38;5;249m [0m[38;5;249m_[0m[38;5;249me[0m[38;5;249ml[0m[38;5;249me[0m[3
8;5;249mm[0m[38;5;249me[0m[38;5;249mn[0m[38;5;249mt[0m[38;5;249ms[0m[38;5;249mE[0m[38;5;249mq[0m[38;5;249
mu[0m[38;5;249ma[0m[38;5;249ml[0m[38;5;249m,[0m[38;5;249m [0m[38;5;249ma[0m[38;5;249mj[0m[38;5;249m 
[0m[38;5;249ma[0m[38;5;249ms[0m[38;5;249m [0m[38;5;249m_[0m[38;5;249mi[0m[38;5;249ms[0m[38;5;249mC[0m[3
8;5;249ml[0m[38;5;249mi[0m[38;5;249mc[0m[38;5;249mk[0m[38;5;249mE[0m[38;5;249mv[0m[38;5;249me[0m[38;5;249
mn[0m[38;5;249mt[0m[38;5;249m,[0m[38;5;249m [0m[38;5;249ma[0m[38;5;249mk[0m[38;5;249m 
[0m[38;5;249ma[0m[38;5;249ms[0m[38;5;249m [0m[38;5;249m_[0m[38;5;249mi[0m[38;5;249ms[0m[38;5;249mB[0m[3
8;5;249me[0m[38;5;249mt[0m[38;5;249mw[0m[38;5;249me[0m[38;5;249me[0m[38;5;249mn[0m[38;5;249m,[0m[38;5;249
m [0m[38;5;249ma[0m[38;5;249ml[0m[38;5;249m [0m[38;5;249ma[0m[38;5;249ms[0m[38;5;249m [0m[38;5;249m_[0m
[38;5;249mn[0m[38;5;249mo[0m[38;5;249mr[0m[38;5;249mm[0m[38;5;249ma[0m[38;5;249ml[0m[38;5;249mi[0m[38;5;2
49mz[0m[38;5;249me[0m[38;5;249mA[0m[38;5;249mn[0m[38;5;249mg[0m[38;5;249ml[0m[38;5;249me[0m[38;5;249m,[0
m[38;5;249m [0m[38;5;249ma[0m[38;5;249mm[0m[38;5;249m [0m[38;5;249ma[0m[38;5;249ms[0m[38;5;249m [0m[38;5
;249m_[0m[38;5;249mr[0m[38;5;249me[0m[38;5;249ma[0m[38;5;249md[0m[38;5;249mV[0m[38;5;249ma[0m[38;5;249ml
[0m[38;5;249mu[0m[38;5;249me[0m[38;5;249mT[0m[38;5;249mo[0m[38;5;249mP[0m[38;5;249mr[0m[38;5;249mo[0m[38
;5;249mp[0m[38;5;249ms[0m[38;5;249m,[0m[38;5;249m [0m[38;5;249ma[0m[38;5;249mn[0m[38;5;249m 
[0m[38;5;249ma[0m[38;5;249ms[0m[38;5;249m [0m[38;5;249m_[0m[38;5;249mu[0m[38;5;249mp[0m[38;5;249md[0m[3
8;5;249ma[0m[38;5;249mt[0m[38;5;249me[0m[38;5;249mB[0m[38;5;249me[0m[38;5;249mz[0m[38;5;249mi[0m[38;5;249
me[0m[38;5;249mr[0m[38;5;249mC[0m[38;5;249mo[0m[38;5;249mn[0m[38;5;249mt[0m[38;5;249mr[0m[38;5;249mo[0m
[38;5;249ml[0m[38;5;249mP[0m[38;5;249mo[0m[38;5;249mi[0m[38;5;249mn[0m[38;5;249mt[0m[38;5;249ms[0m[38;5;2
49m,[0m[38;5;249m [0m[38;5;249ma[0m[38;5;249mo[0m[38;5;249m [0m[38;5;249ma[0m[38;5;249ms[0m[38;5;249m [0
m[38;5;249m_[0m[38;5;249mc[0m[38;5;249mo[0m[38;5;249mm[0m[38;5;249mp[0m[38;5;249mu[0m[38;5;249mt[0m[38;5
;249me[0m[38;5;249mS[0m[38;5;249me[0m[38;5;249mg[0m[38;5;249mm[0m[38;5;249me[0m[38;5;249mn[0m[38;5;249mt
[0m[38;5;249ms[0m[38;5;249m,[0m[38;5;249m [0m[38;5;249ma[0m[38;5;249mp[0m[38;5;249m 
[0m[38;5;249ma[0m[38;5;249ms[0m[38;5;249m [0m[38;5;249m_[0m[38;5;249mb[0m[38;5;249mo[0m[38;5;249mu[0m[3
8;5;249mn[0m[38;5;249md[0m[38;5;249mS[0m[38;5;249me[0m[38;5;249mg[0m[38;5;249mm[0m[38;5;249me[0m[38;5;249
mn[0m[38;5;249mt[0m[38;5;249ms[0m[38;5;249m,[0m[38;5;249m [0m[38;5;249ma[0m[38;5;249mq[0m[38;5;249m 
[0m[38;5;249ma[0m[38;5;249ms[0m[38;5;249m [0m[38;5;249m_[0m[38;5;249ms[0m[38;5;249mt[0m[38;5;249me[0m[3
8;5;249mp[0m[38;5;249mp[0m[38;5;249me[0m[38;5;249md[0m[38;5;249mI[0m[38;5;249mn[0m[38;5;249mt[0m[38;5;249
me[0m[38;5;249mr[0m[38;5;249mp[0m[38;5;249mo[0m[38;5;249ml[0m[38;5;249ma[0m[38;5;249mt[0m[38;5;249mi[0m
[38;5;249mo[0m[38;5;249mn[0m[38;5;249m,[0m[38;5;249m [0m[38;5;249ma[0m[38;5;249mr[0m[38;5;249m 
[0m[38;5;249ma[0m[38;5;249ms[0m[38;5;249m [0m[38;5;249m_[0m[38;5;249mb[0m[38;5;249me[0m[38;5;249mz[0m[3
8;5;249mi[0m[38;5;249me[0m[38;5;249mr[0m[38;5;249mI[0m[38;5;249mn[0m[38;5;249mt[0m[38;5;249me[0m[38;5;249
mr[0m[38;5;249mp[0m[38;5;249mo[0m[38;5;249ml[0m[38;5;249ma[0m[38;5;249mt[0m[38;5;249mi[0m[38;5;249mo[0m
[38;5;249mn[0m[38;5;249m,[0m[38;5;249m [0m[38;5;249ma[0m[38;5;249ms[0m[38;5;249m 
[0m[38;5;249ma[0m[38;5;249ms[0m[38;5;249m [0m[38;5;249m_[0m[38;5;249mp[0m[38;5;249mo[0m[38;5;249mi[0m[3
8;5;249mn[0m[38;5;249mt[0m[38;5;249mI[0m[38;5;249mn[0m[38;5;249mL[0m[38;5;249mi[0m[38;5;249mn[0m[38;5;249
me[0m[38;5;249m,[0m[38;5;249m [0m[38;5;249ma[0m[38;5;249mt[0m[38;5;249m 
[0m[38;5;249ma[0m[38;5;249ms[0m[38;5;249m [0m[38;5;249m_[0m[38;5;249ms[0m[38;5;249mt[0m[38;5;249me[0m[3
8;5;249mp[0m[38;5;249mp[0m[38;5;249me[0m[38;5;249md[0m[38;5;249mL[0m[38;5;249mi[0m[38;5;249mn[0m[38;5;249
me[0m[38;5;249mT[0m[38;5;249mo[0m[38;5;249m,[0m[38;5;249m [0m[38;5;249ma[0m[38;5;249mu[0m[38;5;249m 
[0m[38;5;249ma[0m[38;5;249ms[0m[38;5;249m [0m[38;5;249m_[0m[38;5;249mb[0m[38;5;249me[0m[38;5;249mz[0m[3
8;5;249mi[0m[38;5;249me[0m[38;5;249mr[0m[38;5;249mC[0m[38;5;249mu[0m[38;5;249mr[0m[38;5;249mv[0m[38;5;249
me[0m[38;5;249mT[0m[38;5;249mo[0m[38;5;249m,[0m[38;5;249m [0m[38;5;249ma[0m[38;5;249mv[0m[38;5;249m 
[0m[38;5;249ma[0m[38;5;249ms[0m[38;5;249m [0m[38;5;249md[0m[38;5;249mr[0m[38;5;249ma[0m[38;5;249mw[0m[3
8;5;249mP[0m[38;5;249mo[0m[38;5;249mi[0m[38;5;249mn[0m[38;5;249mt[0m[38;5;249m,[0m[38;5;249m 
[0m[38;5;249ma[0m[38;5;249mw[0m[38;5;249m [0m[38;5;249ma[0m[38;5;249ms[0m[38;5;249m [0m[38;5;249ma[0m[3
8;5;249md[0m[38;5;249md[0m[38;5;249mR[0m[38;5;249mo[0m[38;5;249mu[0m[38;5;249mn[0m[38;5;249md[0m[38;5;249
me[0m[38;5;249md[0m[38;5;249mR[0m[38;5;249me[0m[38;5;249mc[0m[38;5;249mt[0m[38;5;249mP[0m[38;5;249ma[0m
[38;5;249mt[0m[38;5;249mh[0m[38;5;249m,[0m[38;5;249m [0m[38;5;249ma[0m[38;5;249mx[0m[38;5;249m 
[0m[38;5;249ma[0m[38;5;249ms[0m[38;5;249m [0m[38;5;249mt[0m[38;5;249mo[0m[38;5;249mT[0m[38;5;249mR[0m[3
8;5;249mB[0m[38;5;249mL[0m[38;5;249m,[0m[38;5;249m [0m[38;5;249ma[0m[38;5;249my[0m[38;5;249m 
[0m[38;5;249ma[0m[38;5;249ms[0m[38;5;249m [0m[38;5;249mt[0m[38;5;249mo[0m[38;5;249mT[0m[38;5;249mR[0m[3
8;5;249mB[0m[38;5;249mL[0m[38;5;249mC[0m[38;5;249mo[0m[38;5;249mr[0m[38;5;249mn[0m[38;5;249me[0m[38;5;249
mr[0m[38;5;249ms[0m[38;5;249m,[0m[38;5;249m [0m[38;5;249ma[0m[38;5;249mz[0m[38;5;249m 
[0m[38;5;249ma[0m[38;5;249ms[0m[38;5;249m [0m[38;5;249m_[0m[38;5;249mb[0m[38;5;249mo[0m[38;5;249mu[0m[3
8;5;249mn[0m[38;5;249md[0m[38;5;249mS[0m[38;5;249me[0m[38;5;249mg[0m[38;5;249mm[0m[38;5;249me[0m[38;5;249
mn[0m[38;5;249mt[0m[38;5;249m,[0m[38;5;249m [0m[38;5;249ma[0m[38;5;249mA[0m[38;5;249m 
[0m[38;5;249ma[0m[38;5;249ms[0m[38;5;249m [0m[38;5;249mg[0m[38;5;249me[0m[38;5;249mt[0m[38;5;249mR[0m[3
8;5;249mt[0m[38;5;249ml[0m[38;5;249mA[0m[38;5;249md[0m[38;5;249ma[0m[38;5;249mp[0m[38;5;249mt[0m[38;5;249
me[0m[38;5;249mr[0m[38;5;249m,[0m[38;5;249m [0m[38;5;249ma[0m[38;5;249mB[0m[38;5;249m 
[0m[38;5;249ma[0m[38;5;249ms[0m[38;5;249m [0m[38;5;249mo[0m[38;5;249mv[0m[38;5;249me[0m[38;5;249mr[0m[3
8;5;249mr[0m[38;5;249mi[0m[38;5;249md[0m[38;5;249me[0m[38;5;249mT[0m[38;5;249me[0m[38;5;249mx[0m[38;5;249
mt[0m[38;5;249mD[0m[38;5;249mi[0m[38;5;249mr[0m[38;5;249me[0m[38;5;249mc[0m[38;5;249mt[0m[38;5;249mi[0m
[38;5;249mo[0m[38;5;249mn[0m[38;5;249m,[0m[38;5;249m [0m[38;5;249ma[0m[38;5;249mC[0m[38;5;249m 
[0m[38;5;249ma[0m[38;5;249ms[0m[38;5;249m [0m[38;5;249m_[0m[38;5;249mt[0m[38;5;249me[0m[38;5;249mx[0m[3
8;5;249mt[0m[38;5;249mX[0m[38;5;249m,[0m[38;5;249m [0m[38;5;249ma[0m[38;5;249mD[0m[38;5;249m 
[0m[38;5;249ma[0m[38;5;249ms[0m[38;5;249m [0m[38;5;249mr[0m[38;5;249me[0m[38;5;249ms[0m[38;5;249mt[0m[3
8;5;249mo[0m[38;5;249mr[0m[38;5;249me[0m[38;5;249mT[0m[38;5;249me[0m[38;5;249mx[0m[38;5;249mt[0m[38;5;249
mD[0m[38;5;249mi[0m[38;5;249mr[0m[38;5;249me[0m[38;5;249mc[0m[38;5;249mt[0m[38;5;249mi[0m[38;5;249mo[0m
[38;5;249mn[0m[38;5;249m,[0m[38;5;249m [0m[38;5;249ma[0m[38;5;249mE[0m[38;5;249m 
[0m[38;5;249ma[0m[38;5;249ms[0m[38;5;249m [0m[38;5;249md[0m[38;5;249mr[0m[38;5;249ma[0m[38;5;249mw[0m[3
8;5;249mP[0m[38;5;249mo[0m[38;5;249mi[0m[38;5;249mn[0m[38;5;249mt[0m[38;5;249mL[0m[38;5;249me[0m[38;5;249
mg[0m[38;5;249me[0m[38;5;249mn[0m[38;5;249md[0m[38;5;249m,[0m[38;5;249m 
[0m[38;5;249ma[0m[38;5;249mF[0m[38;5;249m [0m[38;5;249ma[0m[38;5;249ms[0m[38;5;249m [0m[38;5;249md[0m[3
8;5;249mi[0m[38;5;249ms[0m[38;5;249mt[0m[38;5;249ma[0m[38;5;249mn[0m[38;5;249mc[0m[38;5;249me[0m[38;5;249
mB[0m[38;5;249me[0m[38;5;249mt[0m[38;5;249mw[0m[38;5;249me[0m[38;5;249me[0m[38;5;249mn[0m[38;5;249mP[0m
[38;5;249mo[0m[38;5;249mi[0m[38;5;249mn[0m[38;5;249mt[0m[38;5;249ms[0m[38;5;249m,[0m[38;5;249m 
[0m[38;5;249ma[0m[38;5;249mG[0m[38;5;249m [0m[38;5;249ma[0m[38;5;249ms[0m[38;5;249m 
[0m[38;5;249mn[0m[38;5;249mo[0m[38;5;249mo[0m[38;5;249mp[0m[38;5;249m,[0m[38;5;249m 
[0m[38;5;249ma[0m[38;5;249mH[0m[38;5;249m [0m[38;5;249ma[0m[38;5;249ms[0m[38;5;249m [0m[38;5;249m_[0m[3
8;5;249ms[0m[38;5;249me[0m[38;5;249mt[0m[38;5;249mM[0m[38;5;249mi[0m[38;5;249mn[0m[38;5;249mA[0m[38;5;249
mn[0m[38;5;249md[0m[38;5;249mM[0m[38;5;249ma[0m[38;5;249mx[0m[38;5;249mB[0m[38;5;249my[0m[38;5;249mK[0m
[38;5;249me[0m[38;5;249my[0m[38;5;249m,[0m[38;5;249m [0m[38;5;249ma[0m[38;5;249mI[0m[38;5;249m 
[0m[38;5;249ma[0m[38;5;249ms[0m[38;5;249m [0m[38;5;249mn[0m[38;5;249mi[0m[38;5;249mc[0m[38;5;249me[0m[3
8;5;249mN[0m[38;5;249mu[0m[38;5;249mm[0m[38;5;249m,[0m[38;5;249m 
[0m[38;5;249ma[0m[38;5;249mJ[0m[38;5;249m [0m[38;5;249ma[0m[38;5;249ms[0m[38;5;249m [0m[38;5;249ma[0m[3
8;5;249ml[0m[38;5;249mm[0m[38;5;249mo[0m[38;5;249ms[0m[38;5;249mt[0m[38;5;249mW[0m[38;5;249mh[0m[38;5;249
mo[0m[38;5;249ml[0m[38;5;249me[0m[38;5;249m,[0m[38;5;249m [0m[38;5;249ma[0m[38;5;249mK[0m[38;5;249m 
[0m[38;5;249ma[0m[38;5;249ms[0m[38;5;249m [0m[38;5;249ma[0m[38;5;249ml[0m[38;5;249mm[0m[38;5;249mo[0m[3
8;5;249ms[0m[38;5;249mt[0m[38;5;249mE[0m[38;5;249mq[0m[38;5;249mu[0m[38;5;249ma[0m[38;5;249ml[0m[38;5;249
ms[0m[38;5;249m,[0m[38;5;249m [0m[38;5;249ma[0m[38;5;249mL[0m[38;5;249m 
[0m[38;5;249ma[0m[38;5;249ms[0m[38;5;249m [0m[38;5;249m_[0m[38;5;249md[0m[38;5;249me[0m[38;5;249mc[0m[3
8;5;249mi[0m[38;5;249mm[0m[38;5;249ma[0m[38;5;249ml[0m[38;5;249mP[0m[38;5;249ml[0m[38;5;249ma[0m[38;5;249
mc[0m[38;5;249me[0m[38;5;249ms[0m[38;5;249m,[0m[38;5;249m [0m[38;5;249ma[0m[38;5;249mM[0m[38;5;249m 
[0m[38;5;249ma[0m[38;5;249ms[0m[38;5;249m 
[0m[38;5;249mT[0m[38;5;249mi[0m[38;5;249mc[0m[38;5;249mk[0m[38;5;249ms[0m[38;5;249m,[0m[38;5;249m 
[0m[38;5;249ma[0m[38;5;249mN[0m[38;5;249m [0m[38;5;249ma[0m[38;5;249ms[0m[38;5;249m 
[0m[38;5;249ml[0m[38;5;249mo[0m[38;5;249mg[0m[38;5;249m1[0m[38;5;249m0[0m[38;5;249m,[0m[38;5;249m 
[0m[38;5;249ma[0m[38;5;249mO[0m[38;5;249m [0m[38;5;249ma[0m[38;5;249ms[0m[38;5;249m [0m[38;5;249m_[0m[3
8;5;249ml[0m[38;5;249mo[0m[38;5;249mn[0m[38;5;249mg[0m[38;5;249me[0m[38;5;249ms[0m[38;5;249mt[0m[38;5;249
mT[0m[38;5;249me[0m[38;5;249mx[0m[38;5;249mt[0m[38;5;249m,[0m[38;5;249m 
[0m[38;5;249ma[0m[38;5;249mP[0m[38;5;249m [0m[38;5;249ma[0m[38;5;249ms[0m[38;5;249m [0m[38;5;249m_[0m[3
8;5;249mf[0m[38;5;249mi[0m[38;5;249ml[0m[38;5;249mt[0m[38;5;249me[0m[38;5;249mr[0m[38;5;249mB[0m[38;5;249
me[0m[38;5;249mt[0m[38;5;249mw[0m[38;5;249me[0m[38;5;249me[0m[38;5;249mn[0m[38;5;249m,[0m[38;5;249m 
[0m[38;5;249ma[0m[38;5;249mQ[0m[38;5;249m [0m[38;5;249ma[0m[38;5;249ms[0m[38;5;249m [0m[38;5;249m_[0m[3
8;5;249ml[0m[38;5;249mo[0m[38;5;249mo[0m[38;5;249mk[0m[38;5;249mu[0m[38;5;249mp[0m[38;5;249m 
[0m[38;5;249m}[0m[38;5;249m [0m[38;5;249mf[0m[38;5;249mr[0m[38;5;249mo[0m[38;5;249mm[0m[38;5;249m 
[0m'./chunks/helpers.dataset.js'[38;5;249m;[0m
 [38;5;240m  Γöé[0m                                                                                                  
                                                                                                                       
                                                                                                                       
                                                                                                                       
                                                                                                                       
                                                                                                                       
                                                                                                                       
                                                                                                                       
                                                                                                                       
                                                                                                                       
                                                                                                                       
                                                                                                                       
                                                                                                                       
                                                                                                                       
                                                                                                                       
                                                                                                                       
                                                                                                                       
                                                                                                                       
     ΓöÇΓöÇΓöÇΓöÇΓöÇΓöÇΓöÇΓöÇΓöÇΓöÇΓöÇΓöÇΓöÇΓöÇΓö¼ΓöÇΓöÇΓöÇΓöÇΓöÇΓöÇΓöÇΓöÇΓöÇΓöÇΓöÇΓöÇΓöÇΓöÇ  
 [38;5;240m  Γöé[0m                                                                                                  
                                                                                                                       
                                                                                                                       
                                                                                                                       
                                                                                                                       
                                                                                                                       
                                                                                                                       
                                                                                                                       
                                                                                                                       
                                                                                                                       
                                                                                                                       
                                                                                                                       
                                                                                                                       
                                                                                                                       
                                                                                                                       
                                                                                                                       
                                                                                                                       
                                                                                                                       
                   Γò░ΓöÇΓöÇΓöÇΓöÇΓöÇΓöÇΓöÇΓöÇΓöÇΓöÇΓöÇΓöÇΓöÇΓöÇΓöÇΓöÇ The cloud operation was not completed before 
the time-out period expired. (os error 426)
[38;5;246mΓöÇΓöÇΓöÇΓò»[0m
[31m
    at aggregateBindingErrorsIntoJsError (file:///C:/Users/yash6/OneDrive/Desktop/aidepression%20dector/ai-depression-p
redictor/client/node_modules/rolldown/dist/shared/error-w0u7biK-.mjs:48:18)
    at unwrapBindingResult (file:///C:/Users/yash6/OneDrive/Desktop/aidepression%20dector/ai-depression-predictor/clien
t/node_modules/rolldown/dist/shared/error-w0u7biK-.mjs:18:128)
    at #build (file:///C:/Users/yash6/OneDrive/Desktop/aidepression%20dector/ai-depression-predictor/client/node_module
s/rolldown/dist/shared/rolldown-build-DtGk-m96.mjs:3313:34)
    at async buildEnvironment (file:///C:/Users/yash6/OneDrive/Desktop/aidepression%20dector/ai-depression-predictor/cl
ient/node_modules/vite/dist/node/chunks/node.js:32954:64)
    at async Object.build (file:///C:/Users/yash6/OneDrive/Desktop/aidepression%20dector/ai-depression-predictor/client
/node_modules/vite/dist/node/chunks/node.js:33376:19)
    at async Object.buildApp (file:///C:/Users/yash6/OneDrive/Desktop/aidepression%20dector/ai-depression-predictor/cli
ent/node_modules/vite/dist/node/chunks/node.js:33373:153)
    at async CAC.<anonymous> (file:///C:/Users/yash6/OneDrive/Desktop/aidepression%20dector/ai-depression-predictor/cli
ent/node_modules/vite/dist/node/cli.js:778:3) {
  errors: [Getter/Setter]
}[39m
